Dec 18 14:58 : update: added /兰亭序 (2022央视夏日歌会“这young的夏天”现场)-周深.320.mp3
Dec 18 14:58 : update: added /ltx.mp3
Dec 18 15:00 : player: played "ltx.mp3"
Dec 18 15:02 : player: played "ltx.mp3"
Dec 18 15:23 : player: played "ltx.mp3"
Dec 18 15:27 : player: played "兰亭序 (2022央视夏日歌会“这young的夏天”现场)-周深.320.mp3"
Dec 18 16:51 : player: played "ltx.mp3"
Dec 18 19:20 : player: played "ltx.mp3"
Dec 18 19:31 : player: played "ltx.mp3"
Dec 18 21:41 : player: played "ltx.mp3"
Dec 18 21:46 : player: played "兰亭序 (2022央视夏日歌会“这young的夏天”现场)-周深.320.mp3"
Dec 18 21:51 : player: played "ltx.mp3"
Dec 18 21:55 : player: played "兰亭序 (2022央视夏日歌会“这young的夏天”现场)-周深.320.mp3"
Dec 18 21:59 : player: played "兰亭序 (2022央视夏日歌会“这young的夏天”现场)-周深.320.mp3"
Dec 18 22:03 : player: played "兰亭序 (2022央视夏日歌会“这young的夏天”现场)-周深.320.mp3"
Dec 18 22:05 : player: played "兰亭序 (2022央视夏日歌会“这young的夏天”现场)-周深.320.mp3"
Dec 19 11:14 : player: played "兰亭序 (2022央视夏日歌会“这young的夏天”现场)-周深.320.mp3"
Dec 19 11:19 : player: played "兰亭序 (2022央视夏日歌会“这young的夏天”现场)-周深.320.mp3"
Dec 19 11:23 : player: played "兰亭序 (2022央视夏日歌会“这young的夏天”现场)-周深.320.mp3"
Dec 19 11:42 : player: played "兰亭序 (2022央视夏日歌会“这young的夏天”现场)-周深.320.mp3"
Dec 19 11:46 : player: played "兰亭序 (2022央视夏日歌会“这young的夏天”现场)-周深.320.mp3"
Dec 19 11:50 : player: played "兰亭序 (2022央视夏日歌会“这young的夏天”现场)-周深.320.mp3"
Dec 19 11:54 : player: played "兰亭序 (2022央视夏日歌会“这young的夏天”现场)-周深.320.mp3"
Dec 19 11:58 : player: played "兰亭序 (2022央视夏日歌会“这young的夏天”现场)-周深.320.mp3"
Dec 19 12:02 : player: played "兰亭序 (2022央视夏日歌会“这young的夏天”现场)-周深.320.mp3"
Dec 19 12:06 : player: played "兰亭序 (2022央视夏日歌会“这young的夏天”现场)-周深.320.mp3"
Dec 19 12:11 : player: played "兰亭序 (2022央视夏日歌会“这young的夏天”现场)-周深.320.mp3"
Dec 19 12:15 : player: played "兰亭序 (2022央视夏日歌会“这young的夏天”现场)-周深.320.mp3"
Dec 19 12:19 : player: played "兰亭序 (2022央视夏日歌会“这young的夏天”现场)-周深.320.mp3"
Dec 19 12:23 : player: played "兰亭序 (2022央视夏日歌会“这young的夏天”现场)-周深.320.mp3"
Dec 19 12:27 : player: played "兰亭序 (2022央视夏日歌会“这young的夏天”现场)-周深.320.mp3"
Dec 19 12:31 : player: played "兰亭序 (2022央视夏日歌会“这young的夏天”现场)-周深.320.mp3"
Dec 19 12:35 : player: played "兰亭序 (2022央视夏日歌会“这young的夏天”现场)-周深.320.mp3"
Dec 19 12:40 : player: played "兰亭序 (2022央视夏日歌会“这young的夏天”现场)-周深.320.mp3"
Dec 19 12:44 : player: played "兰亭序 (2022央视夏日歌会“这young的夏天”现场)-周深.320.mp3"
Dec 19 12:48 : player: played "兰亭序 (2022央视夏日歌会“这young的夏天”现场)-周深.320.mp3"
Dec 19 13:59 : player: played "兰亭序 (2022央视夏日歌会“这young的夏天”现场)-周深.320.mp3"
Dec 20 13:43 : player: played "兰亭序 (2022央视夏日歌会“这young的夏天”现场)-周深.320.mp3"
Dec 20 16:51 : player: played "兰亭序 (2022央视夏日歌会“这young的夏天”现场)-周深.320.mp3"
Dec 20 16:55 : player: played "兰亭序 (2022央视夏日歌会“这young的夏天”现场)-周深.320.mp3"
Dec 20 16:59 : player: played "兰亭序 (2022央视夏日歌会“这young的夏天”现场)-周深.320.mp3"
Dec 20 17:03 : player: played "兰亭序 (2022央视夏日歌会“这young的夏天”现场)-周深.320.mp3"
Dec 20 17:07 : player: played "兰亭序 (2022央视夏日歌会“这young的夏天”现场)-周深.320.mp3"
Dec 20 17:11 : player: played "兰亭序 (2022央视夏日歌会“这young的夏天”现场)-周深.320.mp3"
Dec 20 17:15 : player: played "兰亭序 (2022央视夏日歌会“这young的夏天”现场)-周深.320.mp3"
Dec 20 17:19 : player: played "兰亭序 (2022央视夏日歌会“这young的夏天”现场)-周深.320.mp3"
Dec 20 17:24 : player: played "兰亭序 (2022央视夏日歌会“这young的夏天”现场)-周深.320.mp3"
Dec 20 17:28 : player: played "兰亭序 (2022央视夏日歌会“这young的夏天”现场)-周深.320.mp3"
Dec 20 17:32 : player: played "兰亭序 (2022央视夏日歌会“这young的夏天”现场)-周深.320.mp3"
Dec 20 17:36 : player: played "兰亭序 (2022央视夏日歌会“这young的夏天”现场)-周深.320.mp3"
Dec 20 17:40 : player: played "兰亭序 (2022央视夏日歌会“这young的夏天”现场)-周深.320.mp3"
Dec 20 17:44 : player: played "兰亭序 (2022央视夏日歌会“这young的夏天”现场)-周深.320.mp3"
Dec 20 17:48 : player: played "兰亭序 (2022央视夏日歌会“这young的夏天”现场)-周深.320.mp3"
Dec 20 17:53 : player: played "兰亭序 (2022央视夏日歌会“这young的夏天”现场)-周深.320.mp3"
Dec 20 17:57 : player: played "兰亭序 (2022央视夏日歌会“这young的夏天”现场)-周深.320.mp3"
Dec 20 18:01 : player: played "兰亭序 (2022央视夏日歌会“这young的夏天”现场)-周深.320.mp3"
Dec 20 18:05 : player: played "兰亭序 (2022央视夏日歌会“这young的夏天”现场)-周深.320.mp3"
Dec 20 18:09 : player: played "兰亭序 (2022央视夏日歌会“这young的夏天”现场)-周深.320.mp3"
Dec 20 18:13 : player: played "兰亭序 (2022央视夏日歌会“这young的夏天”现场)-周深.320.mp3"
Dec 20 18:17 : player: played "兰亭序 (2022央视夏日歌会“这young的夏天”现场)-周深.320.mp3"
Dec 20 18:21 : player: played "兰亭序 (2022央视夏日歌会“这young的夏天”现场)-周深.320.mp3"
Dec 20 18:26 : player: played "兰亭序 (2022央视夏日歌会“这young的夏天”现场)-周深.320.mp3"
Dec 20 18:30 : player: played "兰亭序 (2022央视夏日歌会“这young的夏天”现场)-周深.320.mp3"
Dec 20 18:34 : player: played "兰亭序 (2022央视夏日歌会“这young的夏天”现场)-周深.320.mp3"
Dec 20 18:38 : player: played "兰亭序 (2022央视夏日歌会“这young的夏天”现场)-周深.320.mp3"
Dec 20 18:42 : player: played "兰亭序 (2022央视夏日歌会“这young的夏天”现场)-周深.320.mp3"
Dec 20 18:46 : player: played "兰亭序 (2022央视夏日歌会“这young的夏天”现场)-周深.320.mp3"
Dec 20 18:50 : player: played "兰亭序 (2022央视夏日歌会“这young的夏天”现场)-周深.320.mp3"
Dec 20 18:55 : player: played "兰亭序 (2022央视夏日歌会“这young的夏天”现场)-周深.320.mp3"
Dec 20 18:59 : player: played "兰亭序 (2022央视夏日歌会“这young的夏天”现场)-周深.320.mp3"
Dec 20 19:03 : player: played "兰亭序 (2022央视夏日歌会“这young的夏天”现场)-周深.320.mp3"
Dec 20 19:07 : player: played "兰亭序 (2022央视夏日歌会“这young的夏天”现场)-周深.320.mp3"
Dec 20 19:11 : player: played "兰亭序 (2022央视夏日歌会“这young的夏天”现场)-周深.320.mp3"
Dec 20 19:15 : player: played "兰亭序 (2022央视夏日歌会“这young的夏天”现场)-周深.320.mp3"
Dec 20 19:19 : player: played "兰亭序 (2022央视夏日歌会“这young的夏天”现场)-周深.320.mp3"
Dec 20 19:23 : player: played "兰亭序 (2022央视夏日歌会“这young的夏天”现场)-周深.320.mp3"
Dec 20 19:28 : player: played "兰亭序 (2022央视夏日歌会“这young的夏天”现场)-周深.320.mp3"
Dec 20 19:32 : player: played "兰亭序 (2022央视夏日歌会“这young的夏天”现场)-周深.320.mp3"
Dec 20 19:36 : player: played "兰亭序 (2022央视夏日歌会“这young的夏天”现场)-周深.320.mp3"
Dec 20 19:40 : player: played "兰亭序 (2022央视夏日歌会“这young的夏天”现场)-周深.320.mp3"
Dec 20 19:44 : player: played "兰亭序 (2022央视夏日歌会“这young的夏天”现场)-周深.320.mp3"
Dec 20 19:48 : player: played "兰亭序 (2022央视夏日歌会“这young的夏天”现场)-周深.320.mp3"
Dec 20 19:52 : player: played "兰亭序 (2022央视夏日歌会“这young的夏天”现场)-周深.320.mp3"
Dec 20 19:57 : player: played "兰亭序 (2022央视夏日歌会“这young的夏天”现场)-周深.320.mp3"
Dec 20 20:01 : player: played "兰亭序 (2022央视夏日歌会“这young的夏天”现场)-周深.320.mp3"
Dec 20 20:05 : player: played "兰亭序 (2022央视夏日歌会“这young的夏天”现场)-周深.320.mp3"
Dec 20 20:09 : player: played "兰亭序 (2022央视夏日歌会“这young的夏天”现场)-周深.320.mp3"
Dec 20 20:13 : player: played "兰亭序 (2022央视夏日歌会“这young的夏天”现场)-周深.320.mp3"
Dec 20 20:17 : player: played "兰亭序 (2022央视夏日歌会“这young的夏天”现场)-周深.320.mp3"
Dec 20 20:21 : player: played "兰亭序 (2022央视夏日歌会“这young的夏天”现场)-周深.320.mp3"
Dec 20 20:26 : player: played "兰亭序 (2022央视夏日歌会“这young的夏天”现场)-周深.320.mp3"
Dec 20 20:30 : player: played "兰亭序 (2022央视夏日歌会“这young的夏天”现场)-周深.320.mp3"
Dec 20 20:34 : player: played "兰亭序 (2022央视夏日歌会“这young的夏天”现场)-周深.320.mp3"
Dec 20 20:38 : player: played "兰亭序 (2022央视夏日歌会“这young的夏天”现场)-周深.320.mp3"
Dec 20 20:42 : player: played "兰亭序 (2022央视夏日歌会“这young的夏天”现场)-周深.320.mp3"
Dec 20 20:46 : player: played "兰亭序 (2022央视夏日歌会“这young的夏天”现场)-周深.320.mp3"
Dec 20 20:50 : player: played "兰亭序 (2022央视夏日歌会“这young的夏天”现场)-周深.320.mp3"
Dec 20 21:44 : player: played "兰亭序 (2022央视夏日歌会“这young的夏天”现场)-周深.320.mp3"
Dec 21 16:53 : player: played "兰亭序 (2022央视夏日歌会“这young的夏天”现场)-周深.320.mp3"
Dec 21 22:26 : player: played "兰亭序 (2022央视夏日歌会“这young的夏天”现场)-周深.320.mp3"
Dec 22 23:12 : player: played "兰亭序 (2022央视夏日歌会“这young的夏天”现场)-周深.320.mp3"
Dec 23 12:36 : player: played "兰亭序 (2022央视夏日歌会“这young的夏天”现场)-周深.320.mp3"
Dec 23 21:02 : player: played "兰亭序 (2022央视夏日歌会“这young的夏天”现场)-周深.320.mp3"
Dec 24 13:02 : update: added /故乡-许巍.flac
Dec 24 13:03 : player: played "兰亭序 (2022央视夏日歌会“这young的夏天”现场)-周深.320.mp3"
Dec 24 13:04 : player: played "兰亭序 (2022央视夏日歌会“这young的夏天”现场)-周深.320.mp3"
Dec 24 13:11 : exception: No such directory
Dec 24 13:11 : exception: No such playlist
Dec 24 21:59 : player: played "故乡-许巍.flac"
Dec 25 15:23 : player: played "故乡-许巍.flac"
Dec 26 22:08 : player: played "故乡-许巍.flac"
Dec 27 15:18 : player: played "故乡-许巍.flac"
Dec 27 21:03 : player: played "故乡-许巍.flac"
Dec 30 21:01 : player: played "故乡-许巍.flac"
Dec 31 22:14 : player: played "故乡-许巍.flac"
Jan 04 17:06 : player: played "故乡-许巍.flac"
Jan 04 17:10 : player: played "ltx.mp3"
Jan 04 17:10 : alsa_output: Decoder is too slow; playing silence to avoid xrun
Jan 04 17:14 : player: played "兰亭序 (2022央视夏日歌会“这young的夏天”现场)-周深.320.mp3"
Jan 04 17:19 : player: played "兰亭序 (2022央视夏日歌会“这young的夏天”现场)-周深.320.mp3"
Jan 04 17:24 : player: played "故乡-许巍.flac"
Jan 04 17:28 : player: played "ltx.mp3"
Jan 04 17:33 : player: played "兰亭序 (2022央视夏日歌会“这young的夏天”现场)-周深.320.mp3"
Jan 04 17:37 : player: played "兰亭序 (2022央视夏日歌会“这young的夏天”现场)-周深.320.mp3"
Jan 04 17:42 : player: played "故乡-许巍.flac"
Jan 04 17:46 : player: played "ltx.mp3"
Jan 04 17:50 : player: played "兰亭序 (2022央视夏日歌会“这young的夏天”现场)-周深.320.mp3"
Jan 04 17:54 : player: played "兰亭序 (2022央视夏日歌会“这young的夏天”现场)-周深.320.mp3"
Jan 04 23:01 : player: played "故乡-许巍.flac"
Jan 05 15:09 : player: played "故乡-许巍.flac"
Jan 05 19:14 : player: played "故乡-许巍.flac"
Jan 06 15:22 : player: played "故乡-许巍.flac"
Jan 06 21:31 : player: played "故乡-许巍.flac"
Jan 07 22:40 : player: played "故乡-许巍.flac"
Jan 08 19:58 : player: played "故乡-许巍.flac"
Jan 08 21:29 : player: played "故乡-许巍.flac"
Jan 09 12:55 : player: played "故乡-许巍.flac"
Jan 09 21:35 : player: played "故乡-许巍.flac"
Jan 10 23:59 : player: played "故乡-许巍.flac"
Jan 11 14:41 : player: played "故乡-许巍.flac"
Jan 11 21:56 : player: played "故乡-许巍.flac"
Jan 12 14:17 : player: played "故乡-许巍.flac"
Jan 12 23:23 : player: played "故乡-许巍.flac"
Jan 13 22:27 : player: played "故乡-许巍.flac"
Jan 15 20:32 : player: played "故乡-许巍.flac"
Jan 16 14:07 : player: played "故乡-许巍.flac"
Jan 16 18:29 : player: played "故乡-许巍.flac"
Jan 17 14:12 : player: played "故乡-许巍.flac"
Jan 17 19:31 : player: played "故乡-许巍.flac"
Jan 18 15:08 : player: played "故乡-许巍.flac"
Jan 19 09:56 : player: played "故乡-许巍.flac"
Jan 24 19:37 : player: played "故乡-许巍.flac"
Jan 25 12:22 : player: played "故乡-许巍.flac"
Jan 25 17:55 : player: played "故乡-许巍.flac"
Jan 26 17:31 : player: played "故乡-许巍.flac"
Jan 26 20:00 : player: played "故乡-许巍.flac"
WARNING: Unhandled message: interface=org.freedesktop.DBus, path=/org/freedesktop/DBus, member=ActivatableServicesChanged
WARNING: Unhandled message: interface=org.freedesktop.DBus, path=/org/freedesktop/DBus, member=ActivatableServicesChanged
WARNING: Unhandled message: interface=org.freedesktop.DBus, path=/org/freedesktop/DBus, member=ActivatableServicesChanged
WARNING: Unhandled message: interface=org.freedesktop.DBus, path=/org/freedesktop/DBus, member=ActivatableServicesChanged
WARNING: Unhandled message: interface=org.freedesktop.DBus, path=/org/freedesktop/DBus, member=ActivatableServicesChanged
WARNING: Unhandled message: interface=org.freedesktop.DBus, path=/org/freedesktop/DBus, member=ActivatableServicesChanged
WARNING: Unhandled message: interface=org.freedesktop.DBus, path=/org/freedesktop/DBus, member=ActivatableServicesChanged
WARNING: Unhandled message: interface=org.freedesktop.DBus, path=/org/freedesktop/DBus, member=ActivatableServicesChanged
WARNING: Unhandled message: interface=org.freedesktop.DBus, path=/org/freedesktop/DBus, member=ActivatableServicesChanged
WARNING: Unhandled message: interface=org.freedesktop.DBus, path=/org/freedesktop/DBus, member=ActivatableServicesChanged
WARNING: Unhandled message: interface=org.freedesktop.DBus, path=/org/freedesktop/DBus, member=ActivatableServicesChanged
WARNING: Unhandled message: interface=org.freedesktop.DBus, path=/org/freedesktop/DBus, member=ActivatableServicesChanged
WARNING: Unhandled message: interface=org.freedesktop.DBus, path=/org/freedesktop/DBus, member=ActivatableServicesChanged
WARNING: Unhandled message: interface=org.freedesktop.DBus, path=/org/freedesktop/DBus, member=ActivatableServicesChanged
WARNING: Unhandled message: interface=org.freedesktop.DBus, path=/org/freedesktop/DBus, member=ActivatableServicesChanged
WARNING: Unhandled message: interface=org.freedesktop.DBus, path=/org/freedesktop/DBus, member=ActivatableServicesChanged
WARNING: Unhandled message: interface=org.freedesktop.DBus, path=/org/freedesktop/DBus, member=ActivatableServicesChanged
WARNING: Unhandled message: interface=org.freedesktop.DBus, path=/org/freedesktop/DBus, member=ActivatableServicesChanged
WARNING: Unhandled message: interface=org.freedesktop.DBus, path=/org/freedesktop/DBus, member=ActivatableServicesChanged
WARNING: Unhandled message: interface=org.freedesktop.DBus, path=/org/freedesktop/DBus, member=ActivatableServicesChanged
WARNING: Unhandled message: interface=org.freedesktop.DBus, path=/org/freedesktop/DBus, member=ActivatableServicesChanged
WARNING: Unhandled message: interface=org.freedesktop.DBus, path=/org/freedesktop/DBus, member=ActivatableServicesChanged
WARNING: Unhandled message: interface=org.freedesktop.DBus, path=/org/freedesktop/DBus, member=ActivatableServicesChanged
WARNING: Unhandled message: interface=org.freedesktop.DBus, path=/org/freedesktop/DBus, member=ActivatableServicesChanged
WARNING: Unhandled message: interface=org.freedesktop.DBus, path=/org/freedesktop/DBus, member=ActivatableServicesChanged
WARNING: Unhandled message: interface=org.freedesktop.DBus, path=/org/freedesktop/DBus, member=ActivatableServicesChanged
WARNING: Unhandled message: interface=org.freedesktop.DBus, path=/org/freedesktop/DBus, member=ActivatableServicesChanged
WARNING: Unhandled message: interface=org.freedesktop.DBus, path=/org/freedesktop/DBus, member=ActivatableServicesChanged
WARNING: Unhandled message: interface=org.freedesktop.DBus, path=/org/freedesktop/DBus, member=ActivatableServicesChanged
WARNING: Unhandled message: interface=org.freedesktop.DBus, path=/org/freedesktop/DBus, member=ActivatableServicesChanged
WARNING: Unhandled message: interface=org.freedesktop.DBus, path=/org/freedesktop/DBus, member=ActivatableServicesChanged
WARNING: Unhandled message: interface=org.freedesktop.DBus, path=/org/freedesktop/DBus, member=ActivatableServicesChanged
WARNING: Unhandled message: interface=org.freedesktop.DBus, path=/org/freedesktop/DBus, member=ActivatableServicesChanged
WARNING: Unhandled message: interface=org.freedesktop.DBus, path=/org/freedesktop/DBus, member=ActivatableServicesChanged
WARNING: Unhandled message: interface=org.freedesktop.DBus, path=/org/freedesktop/DBus, member=ActivatableServicesChanged
WARNING: Unhandled message: interface=org.freedesktop.DBus, path=/org/freedesktop/DBus, member=ActivatableServicesChanged
WARNING: Unhandled message: interface=org.freedesktop.DBus, path=/org/freedesktop/DBus, member=ActivatableServicesChanged
WARNING: Unhandled message: interface=org.freedesktop.DBus, path=/org/freedesktop/DBus, member=ActivatableServicesChanged
WARNING: Unhandled message: interface=org.freedesktop.DBus, path=/org/freedesktop/DBus, member=ActivatableServicesChanged
WARNING: Unhandled message: interface=org.freedesktop.DBus, path=/org/freedesktop/DBus, member=ActivatableServicesChanged
WARNING: Unhandled message: interface=org.freedesktop.DBus, path=/org/freedesktop/DBus, member=ActivatableServicesChanged
WARNING: Unhandled message: interface=org.freedesktop.DBus, path=/org/freedesktop/DBus, member=ActivatableServicesChanged
WARNING: Unhandled message: interface=org.freedesktop.DBus, path=/org/freedesktop/DBus, member=ActivatableServicesChanged
WARNING: Unhandled message: interface=org.freedesktop.DBus, path=/org/freedesktop/DBus, member=ActivatableServicesChanged
WARNING: Unhandled message: interface=org.freedesktop.DBus, path=/org/freedesktop/DBus, member=ActivatableServicesChanged
WARNING: Unhandled message: interface=org.freedesktop.DBus, path=/org/freedesktop/DBus, member=ActivatableServicesChanged
WARNING: Unhandled message: interface=org.freedesktop.DBus, path=/org/freedesktop/DBus, member=ActivatableServicesChanged
WARNING: Unhandled message: interface=org.freedesktop.DBus, path=/org/freedesktop/DBus, member=ActivatableServicesChanged
WARNING: Unhandled message: interface=org.freedesktop.DBus, path=/org/freedesktop/DBus, member=ActivatableServicesChanged
WARNING: Unhandled message: interface=org.freedesktop.DBus, path=/org/freedesktop/DBus, member=ActivatableServicesChanged
WARNING: Unhandled message: interface=org.freedesktop.DBus, path=/org/freedesktop/DBus, member=ActivatableServicesChanged
WARNING: Unhandled message: interface=org.freedesktop.DBus, path=/org/freedesktop/DBus, member=ActivatableServicesChanged
WARNING: Unhandled message: interface=org.freedesktop.DBus, path=/org/freedesktop/DBus, member=ActivatableServicesChanged
WARNING: Unhandled message: interface=org.freedesktop.DBus, path=/org/freedesktop/DBus, member=ActivatableServicesChanged
WARNING: Unhandled message: interface=org.freedesktop.DBus, path=/org/freedesktop/DBus, member=ActivatableServicesChanged
WARNING: Unhandled message: interface=org.freedesktop.DBus, path=/org/freedesktop/DBus, member=ActivatableServicesChanged
WARNING: Unhandled message: interface=org.freedesktop.DBus, path=/org/freedesktop/DBus, member=ActivatableServicesChanged
WARNING: Unhandled message: interface=org.freedesktop.DBus, path=/org/freedesktop/DBus, member=ActivatableServicesChanged
WARNING: Unhandled message: interface=org.freedesktop.DBus, path=/org/freedesktop/DBus, member=ActivatableServicesChanged
WARNING: Unhandled message: interface=org.freedesktop.DBus, path=/org/freedesktop/DBus, member=ActivatableServicesChanged
WARNING: Unhandled message: interface=org.freedesktop.DBus, path=/org/freedesktop/DBus, member=ActivatableServicesChanged
WARNING: Unhandled message: interface=org.freedesktop.DBus, path=/org/freedesktop/DBus, member=ActivatableServicesChanged
WARNING: Unhandled message: interface=org.freedesktop.DBus, path=/org/freedesktop/DBus, member=ActivatableServicesChanged
WARNING: Unhandled message: interface=org.freedesktop.DBus, path=/org/freedesktop/DBus, member=ActivatableServicesChanged
WARNING: Unhandled message: interface=org.freedesktop.DBus, path=/org/freedesktop/DBus, member=ActivatableServicesChanged
WARNING: Unhandled message: interface=org.freedesktop.DBus, path=/org/freedesktop/DBus, member=ActivatableServicesChanged
WARNING: Unhandled message: interface=org.freedesktop.DBus, path=/org/freedesktop/DBus, member=ActivatableServicesChanged
